<?xml version="1.0" encoding="UTF-8"?><testrun name="Cukerunner" project="marksandspencer" tests="3" started="3" failures="0" errors="2" ignored="2">
  <testsuite name="com.marksandspencer.app.Cukerunner" time="0.3">
    <testsuite name="Feature: As a customer, I wish to view the contents of my bag prior to checkout" time="0.3">
      <testsuite name="Scenario: Add shirt to bag and view bag" time="0.0" incomplete="true">
        <error>java.lang.IllegalStateException: The path to the driver executable must be set by the webdriver.chrome.driver system property; for more information, see https://github.com/SeleniumHQ/selenium/wiki/ChromeDriver. The latest version can be downloaded from http://chromedriver.storage.googleapis.com/index.html
	at com.google.common.base.Preconditions.checkState(Preconditions.java:197)
	at org.openqa.selenium.remote.service.DriverService.findExecutable(DriverService.java:109)
	at org.openqa.selenium.chrome.ChromeDriverService.access$000(ChromeDriverService.java:32)
	at org.openqa.selenium.chrome.ChromeDriverService$Builder.findDefaultExecutable(ChromeDriverService.java:137)
	at org.openqa.selenium.remote.service.DriverService$Builder.build(DriverService.java:290)
	at org.openqa.selenium.chrome.ChromeDriverService.createDefaultService(ChromeDriverService.java:88)
	at org.openqa.selenium.chrome.ChromeDriver.&lt;init&gt;(ChromeDriver.java:116)
	at com.marksandspencer.app.SeleniumTest.setUp(SeleniumTest.java:14)
	at com.marksandspencer.app.BasketSteps.setUpWebDriver(BasketSteps.java:16)
	at com.marksandspencer.app.BasketSteps.I_have_added_a_shirt_to_my_bag(BasketSteps.java:30)
	at ✽.Given I have added a shirt to my bag(BasketFeature.feature:4)

</error>
        <testcase name="Given I have added a shirt to my bag" classname="Scenario: Add shirt to bag and view bag" time="0.0">
          <error>java.lang.IllegalStateException: The path to the driver executable must be set by the webdriver.chrome.driver system property; for more information, see https://github.com/SeleniumHQ/selenium/wiki/ChromeDriver. The latest version can be downloaded from http://chromedriver.storage.googleapis.com/index.html
	at com.google.common.base.Preconditions.checkState(Preconditions.java:197)
	at org.openqa.selenium.remote.service.DriverService.findExecutable(DriverService.java:109)
	at org.openqa.selenium.chrome.ChromeDriverService.access$000(ChromeDriverService.java:32)
	at org.openqa.selenium.chrome.ChromeDriverService$Builder.findDefaultExecutable(ChromeDriverService.java:137)
	at org.openqa.selenium.remote.service.DriverService$Builder.build(DriverService.java:290)
	at org.openqa.selenium.chrome.ChromeDriverService.createDefaultService(ChromeDriverService.java:88)
	at org.openqa.selenium.chrome.ChromeDriver.&lt;init&gt;(ChromeDriver.java:116)
	at com.marksandspencer.app.SeleniumTest.setUp(SeleniumTest.java:14)
	at com.marksandspencer.app.BasketSteps.setUpWebDriver(BasketSteps.java:16)
	at com.marksandspencer.app.BasketSteps.I_have_added_a_shirt_to_my_bag(BasketSteps.java:30)
	at ✽.Given I have added a shirt to my bag(BasketFeature.feature:4)

</error>
        </testcase>
        <testcase name="When I view the contents of my bag" classname="Scenario: Add shirt to bag and view bag" time="0.0" ignored="true"/>
        <testcase name="Then I can see the contents of the bag include a shirt" classname="Scenario: Add shirt to bag and view bag" time="0.3" ignored="true"/>
      </testsuite>
    </testsuite>
  </testsuite>
</testrun>
